$ go run client/grpc_verifier.go --host=$ATTESTOR_ADDRESS:50051    --appaddress=$ATTESTOR_ADDRESS:8081    --expectedPCRMapSHA256=0:a0b5ff3383a1116bd7dc6df177c0c2d433b9ee1813ea958fa5d166a202cb2a85     --v=50 -alsologtostderr


I1231 07:22:29.629485  115857 grpc_verifier.go:92] =============== start GetEK ===============
I1231 07:22:29.787488  115857 grpc_verifier.go:109]         AuthType, ServerName tls, attestor.domain.com
I1231 07:22:29.787583  115857 grpc_verifier.go:120]         EKM my_nonce: e1b275bdacf37c7cb8b749bfc3d0dd8d95782c3721063441c9c021ad43c903f3
I1231 07:22:29.787838  115857 grpc_verifier.go:146]         EKCertificate ========
-----BEGIN CERTIFICATE-----
MIIF3DCCA8SgAwIBAgITBE10Jenb6m+YVgZkReLaA4u7EzANBgkqhkiG9w0BAQsF
ADCBhjELMAkGA1UEBhMCVVMxEzARBgNVBAgTCkNhbGlmb3JuaWExFjAUBgNVBAcT
DU1vdW50YWluIFZpZXcxEzARBgNVBAoTCkdvb2dsZSBMTEMxFTATBgNVBAsTDEdv
b2dsZSBDbG91ZDEeMBwGA1UEAxMVRUsvQUsgQ0EgSW50ZXJtZWRpYXRlMCAXDTI0
MTIyNDExMzIzMVoYDzIwNTQxMjE3MTEzMjMwWjBpMRYwFAYDVQQHEw11cy1jZW50
cmFsMS1hMR4wHAYDVQQKExVHb29nbGUgQ29tcHV0ZSBFbmdpbmUxETAPBgNVBAsT
CGNvcmUtZXNvMRwwGgYDVQQDExM4MzU0NjAyNTQ4MDExMTQ4NTg4MIIBIjANBgkq
hkiG9w0BAQEFAAOCAQ8AMIIBCgKCAQEA5JYzBLpY9aIPlIFJPtKGuEH8p/JJyyf8
U5HiKO4XYXZ+qljlU0a8/zywKYNIrtbYyBK56j9dVs5JwZkNuj+GZZIclhEsZ53S
yBI9suvy8Uhp2rU7h4MbTkOlLtdXMimVuD12lKIgQDPfIts9B1ntIl66zOEO52ry
2hRWOvyuAKG5MbEN00gWmj9CWI5DiGvmKe30+mUjqM5GxsWAw4LaCGZqa0XotC5h
LhqHctuc241Kp7yl7xES4nXlGKZkhz3c1UFGGM+HzI6Jr/ZQ6SblDCGXCSJj8LxO
NvYKJaVWNzUDheJ1IIh7TEbQEDK2Bx1asrhyntYqodC1MSp0XJptCQIDAQABo4IB
WzCCAVcwDgYDVR0PAQH/BAQDAgUgMAwGA1UdEwEB/wQCMAAwHQYDVR0OBBYEFM4h
z5h93vnLxi+4DkqDxmDkSN65MB8GA1UdIwQYMBaAFOlmc1RnZhvv3WW/5ehc45EL
mwVSMIGNBggrBgEFBQcBAQSBgDB+MHwGCCsGAQUFBzAChnBodHRwOi8vcHJpdmF0
ZWNhLWNvbnRlbnQtNjMzYmViOTQtMDAwMC0yNWMxLWE5ZDctMDAxYTExNGJhNmU4
LnN0b3JhZ2UuZ29vZ2xlYXBpcy5jb20vYzU5YTIyNTg5YWI0M2E1N2UzYTQvY2Eu
Y3J0MGcGCisGAQQB1nkCARUEWTBXDA11cy1jZW50cmFsMS1hAgYA569zXpwMCGNv
cmUtZXNvAghz8YLAucclLAwIYXR0ZXN0b3KgIDAeoAMCAQChAwEB/6IDAQH/owMB
AQCkAwEBAKUDAQEAMA0GCSqGSIb3DQEBCwUAA4ICAQA8crrxG/vB8qp2EjS/IHGP
qTGtqiPLZA9KLHmhmxzzLw4KAGhMsWknGSxehF/gu+K6CUWLHk54JTdtsn29+qlR
DQiyYNnQTpa5A2bDIdL9SfO35vCLqoVXo/qvdO3Lem/yTSkNI48gCQKi8ym9L6B8
jo+Ujb55j/RLSocbTO+0Q6K4F6owjJDMo02HeS5z+aydFWBVJYEFRwfBeh/DMDNV
sBMHw2GNN98ZYoPf/px/S5CLvacZS761N9BkcSz2g5Yc2+bw6Ddsbdhs3Qlck8VV
q9XiLJOgJsuSIWGReh4CtguBzIhNerp4Ui7L60ReJFLFXzLJxcrRavhIwuGDvZ+S
7L5azShX9srmEpTcJeeroU2chZOW7x/BxprQarv56Uyc6Nx9uAvNzRg7h1k/TTnC
BTvWnVo1XEzJR4e1yH8KVjLIPg4c4Vp+NJEmirAucBba2BmWpUlG8GU3hq5wZ+B2
iqBmyrV9aKfY9X7kWiUoiwByhMhOboPrFSLGDC++bxHAd4ysPfAuIUFZpVm7EMgz
7ph0dpxeHb2MBN5l2XFZABUUQIYJzinGB6WsfL4Pn5v+3ohWQvWPuro5ofhkXM2b
dghSe/ZGobja4VA/6Ff2GbQzOsEyt1hmE0VsSGBkGNoZwflPaQdQ9uYO4eleqnFS
iUA2s52fwexPcDUE/VkyVQ==
-----END CERTIFICATE-----

I1231 07:22:29.787956  115857 grpc_verifier.go:162]      EKCert  Issuer CN=EK/AK CA Intermediate,OU=Google Cloud,O=Google LLC,L=Mountain View,ST=California,C=US
I1231 07:22:29.788025  115857 grpc_verifier.go:163]      EKCert  IssuingCertificateURL [http://privateca-content-633beb94-0000-25c1-a9d7-001a114ba6e8.storage.googleapis.com/c59a22589ab43a57e3a4/ca.crt]
I1231 07:22:29.788073  115857 grpc_verifier.go:168]      EKCert  GCE InstanceID 8354602548011148588
I1231 07:22:29.788104  115857 grpc_verifier.go:169]      EKCert  GCE InstanceName attestor
I1231 07:22:29.788132  115857 grpc_verifier.go:170]      EKCert  GCE ProjectId core-eso
I1231 07:22:29.788161  115857 grpc_verifier.go:173]     EkCert Public Key 
-----BEGIN PUBLIC KEY-----
MIIBIjANBgkqhkiG9w0BAQEFAAOCAQ8AMIIBCgKCAQEA5JYzBLpY9aIPlIFJPtKG
uEH8p/JJyyf8U5HiKO4XYXZ+qljlU0a8/zywKYNIrtbYyBK56j9dVs5JwZkNuj+G
ZZIclhEsZ53SyBI9suvy8Uhp2rU7h4MbTkOlLtdXMimVuD12lKIgQDPfIts9B1nt
Il66zOEO52ry2hRWOvyuAKG5MbEN00gWmj9CWI5DiGvmKe30+mUjqM5GxsWAw4La
CGZqa0XotC5hLhqHctuc241Kp7yl7xES4nXlGKZkhz3c1UFGGM+HzI6Jr/ZQ6Sbl
DCGXCSJj8LxONvYKJaVWNzUDheJ1IIh7TEbQEDK2Bx1asrhyntYqodC1MSp0XJpt
CQIDAQAB
-----END PUBLIC KEY-----

I1231 07:22:29.788228  115857 grpc_verifier.go:176]     Verifying EKCert
I1231 07:22:29.791473  115857 grpc_verifier.go:275]     EKCert Verified
I1231 07:22:29.791604  115857 grpc_verifier.go:277]      EKPub: 
-----BEGIN PUBLIC KEY-----
MIIBIjANBgkqhkiG9w0BAQEFAAOCAQ8AMIIBCgKCAQEA5JYzBLpY9aIPlIFJPtKG
uEH8p/JJyyf8U5HiKO4XYXZ+qljlU0a8/zywKYNIrtbYyBK56j9dVs5JwZkNuj+G
ZZIclhEsZ53SyBI9suvy8Uhp2rU7h4MbTkOlLtdXMimVuD12lKIgQDPfIts9B1nt
Il66zOEO52ry2hRWOvyuAKG5MbEN00gWmj9CWI5DiGvmKe30+mUjqM5GxsWAw4La
CGZqa0XotC5hLhqHctuc241Kp7yl7xES4nXlGKZkhz3c1UFGGM+HzI6Jr/ZQ6Sbl
DCGXCSJj8LxONvYKJaVWNzUDheJ1IIh7TEbQEDK2Bx1asrhyntYqodC1MSp0XJpt
CQIDAQAB
-----END PUBLIC KEY-----

I1231 07:22:29.791799  115857 grpc_verifier.go:293] =============== end GetEKCert ===============
I1231 07:22:29.791879  115857 grpc_verifier.go:296] =============== start GetAK ===============
I1231 07:22:29.889949  115857 grpc_verifier.go:329]       ak public 
-----BEGIN PUBLIC KEY-----
MIIBIjANBgkqhkiG9w0BAQEFAAOCAQ8AMIIBCgKCAQEA9a9tFTMsmNo4xpR7k5wa
FuCrDJbyiS3KHE6Uwa+RmB+asKbPnnks1bCCt530374Ya5Q+u0txRUt8c4q6TKrM
UqzYQlPN/s5R4Hxm5HL7Bg91PZAEUKboYYhkyNQfPYiY3VR+005COuBIwMSD6Rw1
EHjgfW71h+Y7n5v0pgKZduf2326uezKXOQkcY8tmXJgWXdLvb2lX0mWtqqcZgqWw
/p9m+TkHOHlqKgWZUJZoYv4BcP6oEYnysWUIhU3wOt8vmA2Ln38IA1LDx+EAhPQG
fD/SP2hOB//Fl0gE30alQYs1Y2Pd2xUnV7EdZY9dW3EMXPs+z3XfgPBK4wxJVb+5
lwIDAQAB
-----END PUBLIC KEY-----

I1231 07:22:29.890036  115857 grpc_verifier.go:330] =============== end GetAK ===============
I1231 07:22:29.890083  115857 grpc_verifier.go:333] =============== start Attest ===============
I1231 07:22:29.890653  115857 grpc_verifier.go:346]       Outbound Secret: qN0gTebdSXQLCm+wPEnCrgfZ32cI7+FxF7gjSgpYwsw=
I1231 07:22:30.252104  115857 grpc_verifier.go:362]       Inbound Secret: qN0gTebdSXQLCm+wPEnCrgfZ32cI7+FxF7gjSgpYwsw=
I1231 07:22:30.252213  115857 grpc_verifier.go:365]       inbound/outbound Secrets Match; accepting AK
I1231 07:22:30.252277  115857 grpc_verifier.go:370] =============== end Attest ===============
I1231 07:22:30.252338  115857 grpc_verifier.go:373] =============== start Quote/Verify ===============
I1231 07:22:30.637676  115857 grpc_verifier.go:418]       quote-attested public 
-----BEGIN PUBLIC KEY-----
MIIBIjANBgkqhkiG9w0BAQEFAAOCAQ8AMIIBCgKCAQEA9a9tFTMsmNo4xpR7k5wa
FuCrDJbyiS3KHE6Uwa+RmB+asKbPnnks1bCCt530374Ya5Q+u0txRUt8c4q6TKrM
UqzYQlPN/s5R4Hxm5HL7Bg91PZAEUKboYYhkyNQfPYiY3VR+005COuBIwMSD6Rw1
EHjgfW71h+Y7n5v0pgKZduf2326uezKXOQkcY8tmXJgWXdLvb2lX0mWtqqcZgqWw
/p9m+TkHOHlqKgWZUJZoYv4BcP6oEYnysWUIhU3wOt8vmA2Ln38IA1LDx+EAhPQG
fD/SP2hOB//Fl0gE30alQYs1Y2Pd2xUnV7EdZY9dW3EMXPs+z3XfgPBK4wxJVb+5
lwIDAQAB
-----END PUBLIC KEY-----

I1231 07:22:30.637923  115857 grpc_verifier.go:433]      PCR: 0, verified: true value: 2aab58e23ea5120d70a3ebce56bd0e6d5e3035b7
I1231 07:22:30.637963  115857 grpc_verifier.go:433]      PCR: 1, verified: true value: d9ed50985898a7651ddd019893e56b85ac446f13
I1231 07:22:30.637982  115857 grpc_verifier.go:433]      PCR: 2, verified: true value: b2a83b0ebf2f8374299a5b2bdfc31ea955ad7236
I1231 07:22:30.637995  115857 grpc_verifier.go:433]      PCR: 3, verified: true value: b2a83b0ebf2f8374299a5b2bdfc31ea955ad7236
I1231 07:22:30.638008  115857 grpc_verifier.go:433]      PCR: 4, verified: true value: ad43096c7dade81ca95e786d821b10e6e2b3ccbd
I1231 07:22:30.638017  115857 grpc_verifier.go:433]      PCR: 5, verified: true value: da30db65e150182ade333bb14c36cb9429ecfe78
I1231 07:22:30.638022  115857 grpc_verifier.go:433]      PCR: 6, verified: true value: b2a83b0ebf2f8374299a5b2bdfc31ea955ad7236
I1231 07:22:30.638026  115857 grpc_verifier.go:433]      PCR: 7, verified: true value: 4c97a007b8f707cd97548be17ca7ed3082bf2475
I1231 07:22:30.638032  115857 grpc_verifier.go:433]      PCR: 8, verified: true value: c7779bb0e780a09c5879ac19a2ea1cec0520caad
I1231 07:22:30.638037  115857 grpc_verifier.go:433]      PCR: 9, verified: true value: b241d8ca5ff290192c5012bcc567c3a0c15cb8e7
I1231 07:22:30.638042  115857 grpc_verifier.go:433]      PCR: 10, verified: true value: f9c6d870fa0cbfcfa7036d39e4fd41063040b9da
I1231 07:22:30.638047  115857 grpc_verifier.go:433]      PCR: 11, verified: true value: 0000000000000000000000000000000000000000
I1231 07:22:30.638052  115857 grpc_verifier.go:433]      PCR: 12, verified: true value: 0000000000000000000000000000000000000000
I1231 07:22:30.638057  115857 grpc_verifier.go:433]      PCR: 13, verified: true value: 0000000000000000000000000000000000000000
I1231 07:22:30.638062  115857 grpc_verifier.go:433]      PCR: 14, verified: true value: a482a15e112717d6a915b989a0ea6140a507e3e6
I1231 07:22:30.638066  115857 grpc_verifier.go:433]      PCR: 15, verified: true value: 0000000000000000000000000000000000000000
I1231 07:22:30.638070  115857 grpc_verifier.go:433]      PCR: 16, verified: true value: 0000000000000000000000000000000000000000
I1231 07:22:30.638076  115857 grpc_verifier.go:433]      PCR: 17, verified: true value: ffffffffffffffffffffffffffffffffffffffff
I1231 07:22:30.638081  115857 grpc_verifier.go:433]      PCR: 18, verified: true value: ffffffffffffffffffffffffffffffffffffffff
I1231 07:22:30.638086  115857 grpc_verifier.go:433]      PCR: 19, verified: true value: ffffffffffffffffffffffffffffffffffffffff
I1231 07:22:30.638095  115857 grpc_verifier.go:433]      PCR: 20, verified: true value: ffffffffffffffffffffffffffffffffffffffff
I1231 07:22:30.638100  115857 grpc_verifier.go:433]      PCR: 21, verified: true value: ffffffffffffffffffffffffffffffffffffffff
I1231 07:22:30.638104  115857 grpc_verifier.go:433]      PCR: 22, verified: true value: ffffffffffffffffffffffffffffffffffffffff
I1231 07:22:30.638109  115857 grpc_verifier.go:433]      PCR: 23, verified: true value: 0000000000000000000000000000000000000000
I1231 07:22:30.638114  115857 grpc_verifier.go:433]      PCR: 0, verified: true value: a0b5ff3383a1116bd7dc6df177c0c2d433b9ee1813ea958fa5d166a202cb2a85
I1231 07:22:30.638120  115857 grpc_verifier.go:433]      PCR: 1, verified: true value: 3d77930d0a77b2e6a16f1370e7c2920c5c0ad784e40064bc96cb13c98c1e0cad
I1231 07:22:30.638125  115857 grpc_verifier.go:433]      PCR: 2, verified: true value: 3d458cfe55cc03ea1f443f1562beec8df51c75e14a9fcf9a7234a13f198e7969
I1231 07:22:30.638130  115857 grpc_verifier.go:433]      PCR: 3, verified: true value: 3d458cfe55cc03ea1f443f1562beec8df51c75e14a9fcf9a7234a13f198e7969
I1231 07:22:30.638135  115857 grpc_verifier.go:433]      PCR: 4, verified: true value: addd324e3236d6b379db017ac0c33284562819c847f9702a0f264fb02a260608
I1231 07:22:30.638140  115857 grpc_verifier.go:433]      PCR: 5, verified: true value: 66df2e2087357a5b664b4af00387258048c5af61cf2c7017a55204f27bba013d
I1231 07:22:30.638145  115857 grpc_verifier.go:433]      PCR: 6, verified: true value: 3d458cfe55cc03ea1f443f1562beec8df51c75e14a9fcf9a7234a13f198e7969
I1231 07:22:30.638150  115857 grpc_verifier.go:433]      PCR: 7, verified: true value: 0a3f60cea411388b09eac782999f5e62246ab5469f9047eb508aa22c4dcd2237
I1231 07:22:30.638155  115857 grpc_verifier.go:433]      PCR: 8, verified: true value: 728615c0d0fcba5a9e80d11f4f54003aa9845a8e7e80b96eb738601a36c098ad
I1231 07:22:30.638160  115857 grpc_verifier.go:433]      PCR: 9, verified: true value: 2475ebe7b4d170bc1401f2f3ff7904d316e94203da944936b1a1c88f5bc99464
I1231 07:22:30.638165  115857 grpc_verifier.go:433]      PCR: 10, verified: true value: 8138c36441b4d0ab98bc6467d5b3cb36903c58608af41c5fe7eacb73602adcdc
I1231 07:22:30.638170  115857 grpc_verifier.go:433]      PCR: 11, verified: true value: 0000000000000000000000000000000000000000000000000000000000000000
I1231 07:22:30.638175  115857 grpc_verifier.go:433]      PCR: 12, verified: true value: 0000000000000000000000000000000000000000000000000000000000000000
I1231 07:22:30.638180  115857 grpc_verifier.go:433]      PCR: 13, verified: true value: 0000000000000000000000000000000000000000000000000000000000000000
I1231 07:22:30.638185  115857 grpc_verifier.go:433]      PCR: 14, verified: true value: 306f9d8b94f17d93dc6e7cf8f5c79d652eb4c6c4d13de2dddc24af416e13ecaf
I1231 07:22:30.638196  115857 grpc_verifier.go:433]      PCR: 15, verified: true value: 0000000000000000000000000000000000000000000000000000000000000000
I1231 07:22:30.638202  115857 grpc_verifier.go:433]      PCR: 16, verified: true value: 0000000000000000000000000000000000000000000000000000000000000000
I1231 07:22:30.638208  115857 grpc_verifier.go:433]      PCR: 17, verified: true value: ffffffffffffffffffffffffffffffffffffffffffffffffffffffffffffffff
I1231 07:22:30.638213  115857 grpc_verifier.go:433]      PCR: 18, verified: true value: ffffffffffffffffffffffffffffffffffffffffffffffffffffffffffffffff
I1231 07:22:30.638218  115857 grpc_verifier.go:433]      PCR: 19, verified: true value: ffffffffffffffffffffffffffffffffffffffffffffffffffffffffffffffff
I1231 07:22:30.638223  115857 grpc_verifier.go:433]      PCR: 20, verified: true value: ffffffffffffffffffffffffffffffffffffffffffffffffffffffffffffffff
I1231 07:22:30.638228  115857 grpc_verifier.go:433]      PCR: 21, verified: true value: ffffffffffffffffffffffffffffffffffffffffffffffffffffffffffffffff
I1231 07:22:30.638233  115857 grpc_verifier.go:433]      PCR: 22, verified: true value: ffffffffffffffffffffffffffffffffffffffffffffffffffffffffffffffff
I1231 07:22:30.638238  115857 grpc_verifier.go:433]      PCR: 23, verified: true value: 0000000000000000000000000000000000000000000000000000000000000000
I1231 07:22:30.638243  115857 grpc_verifier.go:445]      quotes verified
I1231 07:22:30.640308  115857 grpc_verifier.go:474]      secureBoot State enabled: [true]
I1231 07:22:30.640592  115857 grpc_verifier.go:480] =============== end Quote/Verify ===============
I1231 07:22:30.640636  115857 grpc_verifier.go:483] =============== start NewKey ===============
I1231 07:22:30.728311  115857 grpc_verifier.go:495]         TLSCertificate ========
-----BEGIN CERTIFICATE-----
MIIDoTCCAomgAwIBAgIRAIh6GgzZaUoFKKeRjd3vBjIwDQYJKoZIhvcNAQELBQAw
VzELMAkGA1UEBhMCVVMxDzANBgNVBAoMBkdvb2dsZTETMBEGA1UECwwKRW50ZXJw
cmlzZTEiMCAGA1UEAwwZU2luZ2xlIFJvb3QgVExTIElzc3VlciBDQTAeFw0yNDEy
MzExMjIyMjJaFw0yNTAxMDExMjIyMjJaMIGYMQswCQYDVQQGEwJVUzETMBEGA1UE
CBMKQ2FsaWZvcm5pYTEWMBQGA1UEBxMNTW91bnRhaW4gVmlldzEQMA4GA1UEChMH
QWNtZSBDbzETMBEGA1UECxMKRW50ZXJwcmlzZTE1MDMGA1UEAxMsOTU5NTAxNDk5
NjExMzIyOTQxMzA0MjM5MDk1NDcyMDY4NTY0NDU1MDgzNzEwWTATBgcqhkjOPQIB
BggqhkjOPQMBBwNCAAQKmyiWUlAK7JaGsW/Y/7v0NqCKnTVGrWg9VXEUpyq8ddjg
vj6Sjs9MlsTk9f+MNaz8urUgedlO3fILAsDyrtTIo4HwMIHtMA4GA1UdDwEB/wQE
AwIHgDATBgNVHSUEDDAKBggrBgEFBQcDATAMBgNVHRMBAf8EAjAAMB8GA1UdIwQY
MBaAFFvNqqX3tWUmhXSCDYErmkEPNvrwMHgGA1UdEQRxMG+CD2VjaG8uZG9tYWlu
LmNvbYZcc3BpZmZpZTovL2VjaG8uZG9tYWluLmNvbS90Y2ctYXQtcGxhdGZvcm1T
ZXJpYWwvOTU5NTAxNDk5NjExMzIyOTQxMzA0MjM5MDk1NDcyMDY4NTY0NDU1MDgz
NzEwHQYDVR0gBBYwFDAIBgZngQULAQEwCAYGZ4EFCwECMA0GCSqGSIb3DQEBCwUA
A4IBAQAdD3wYHUH8l7fVHPhTFtpUKlKRXuC6fljqyBWcFN1g7rcxbTq5fXNWs3o/
1G8t0QAx8pV/4lhNOe1tR16Jex69D3VFRrz5MCxCwZ9EOKuc50oQzNmW+N92tgdO
07QC4/kZr/HlqxQ8aMbIOv6IlQm0gRqoHOEMpUgNnZgj7bv+u+KccCbCDAZoY1JK
NhBR5yU1l5f7d6vRCM2ljMZTxhHGjqZjPyxf10oRbWQDIzSPs2quq94XrY9xCQDb
zcGu+zjF2RfeuD35VOQq7njnYLfRDkZwo9lUzgtY24UehzbbI+iqxfxnOKXbLT64
mF9UlRqtMIMU9ldpe/LSKxiN1N4v
-----END CERTIFICATE-----

I1231 07:22:30.728916  115857 grpc_verifier.go:526]      TLS Key AuthPolicy []
I1231 07:22:30.729027  115857 grpc_verifier.go:529]      TLS Key TPM Properties mask: 262258
I1231 07:22:30.729146  115857 grpc_verifier.go:532]      TLS Key Expected Properties mask 262258
I1231 07:22:30.729276  115857 grpc_verifier.go:568]      Certified TPMNTPublic key matches public key in x509 certificate
I1231 07:22:30.729357  115857 grpc_verifier.go:574]      TLS key verified
I1231 07:22:30.729447  115857 grpc_verifier.go:575] =============== end NewKey ===============
I1231 07:22:30.729539  115857 grpc_verifier.go:578] =============== start http client ===============
I1231 07:22:30.817038  115857 grpc_verifier.go:597] VerifiedChains
I1231 07:22:30.817083  115857 grpc_verifier.go:600]       0 Subject CN=95950149961132294130423909547206856445508371,OU=Enterprise,O=Acme Co,L=Mountain View,ST=California,C=US
I1231 07:22:30.817133  115857 grpc_verifier.go:601]       0 Issuer Name: CN=Single Root TLS Issuer CA,OU=Enterprise,O=Google,C=US
I1231 07:22:30.817166  115857 grpc_verifier.go:602]       0 Expiry: 2025-January-01 
I1231 07:22:30.817183  115857 grpc_verifier.go:603]       0 Issuer Common Name: Single Root TLS Issuer CA 
I1231 07:22:30.817203  115857 grpc_verifier.go:604]       0 IsCA: false 
I1231 07:22:30.817229  115857 grpc_verifier.go:609]       0 Certificate hash 08zTYMrnfBwJw+erCyVmJFO8w1Abgb1R+wpLtfPH8mo=
I1231 07:22:30.817251  115857 grpc_verifier.go:600]       1 Subject CN=Single Root TLS Issuer CA,OU=Enterprise,O=Google,C=US
I1231 07:22:30.817277  115857 grpc_verifier.go:601]       1 Issuer Name: CN=Single Root TLS Issuer CA,OU=Enterprise,O=Google,C=US
I1231 07:22:30.817301  115857 grpc_verifier.go:602]       1 Expiry: 2034-December-28 
I1231 07:22:30.817314  115857 grpc_verifier.go:603]       1 Issuer Common Name: Single Root TLS Issuer CA 
I1231 07:22:30.817328  115857 grpc_verifier.go:604]       1 IsCA: true 
I1231 07:22:30.817349  115857 grpc_verifier.go:609]       1 Certificate hash U0QzndI8Ff1OrxpoyScqE8uK8bfftSw2tc0kmRWslJA=
I1231 07:22:30.817834  115857 grpc_verifier.go:631]   EKM my_nonce: 8b0f2c2bfdd42bd70123ddb85dd891eeabef0e44beaae357c9f59d91195ff1cf
I1231 07:22:30.817908  115857 grpc_verifier.go:643]       Issuer CN=Single Root TLS Issuer CA,OU=Enterprise,O=Google,C=US
I1231 07:22:30.817975  115857 grpc_verifier.go:656]        peer public key 
-----BEGIN PUBLIC KEY-----
MFkwEwYHKoZIzj0CAQYIKoZIzj0DAQcDQgAECpsollJQCuyWhrFv2P+79Dagip01
Rq1oPVVxFKcqvHXY4L4+ko7PTJbE5PX/jDWs/Lq1IHnZTt3yCwLA8q7UyA==
-----END PUBLIC KEY-----

I1231 07:22:30.818008  115857 grpc_verifier.go:665]      peer tls public key matched attested key
I1231 07:22:30.818031  115857 grpc_verifier.go:672]      Connected to IP: 34.69.141.78
I1231 07:22:30.851841  115857 grpc_verifier.go:691] 200 OK
I1231 07:22:30.851980  115857 grpc_verifier.go:692] ok