$ go run server/grpc_attestor.go --grpcport :50051 --applicationPort :8081 --v=50 -alsologtostderr

I1231 12:22:21.852297    1557 grpc_attestor.go:317] Getting EKCert
I1231 12:22:21.870211    1557 grpc_attestor.go:337] ECCert with available Issuer: CN=EK/AK CA Intermediate,OU=Google Cloud,O=Google LLC,L=Mountain View,ST=California,C=US
I1231 12:22:22.186010    1557 grpc_attestor.go:433] Generated ECC Public 
-----BEGIN PUBLIC KEY-----
MFkwEwYHKoZIzj0CAQYIKoZIzj0DAQcDQgAECpsollJQCuyWhrFv2P+79Dagip01
Rq1oPVVxFKcqvHXY4L4+ko7PTJbE5PX/jDWs/Lq1IHnZTt3yCwLA8q7UyA==
-----END PUBLIC KEY-----
I1231 12:22:22.186065    1557 grpc_attestor.go:446]         Issuing Cert ========
I1231 12:22:22.201086    1557 grpc_attestor.go:522]       CSR 
-----BEGIN CERTIFICATE REQUEST-----
MIIB4zCCAYgCAQAwgZgxCzAJBgNVBAYTAlVTMRMwEQYDVQQIEwpDYWxpZm9ybmlh
MRYwFAYDVQQHEw1Nb3VudGFpbiBWaWV3MRAwDgYDVQQKEwdBY21lIENvMRMwEQYD
VQQLEwpFbnRlcnByaXNlMTUwMwYDVQQDEyw5NTk1MDE0OTk2MTEzMjI5NDEzMDQy
MzkwOTU0NzIwNjg1NjQ0NTUwODM3MTBZMBMGByqGSM49AgEGCCqGSM49AwEHA0IA
BAqbKJZSUArsloaxb9j/u/Q2oIqdNUataD1VcRSnKrx12OC+PpKOz0yWxOT1/4w1
rPy6tSB52U7d8gsCwPKu1MiggYwwgYkGCSqGSIb3DQEJDjF8MHoweAYDVR0RBHEw
b4IPZWNoby5kb21haW4uY29thlxzcGlmZmllOi8vZWNoby5kb21haW4uY29tL3Rj
Zy1hdC1wbGF0Zm9ybVNlcmlhbC85NTk1MDE0OTk2MTEzMjI5NDEzMDQyMzkwOTU0
NzIwNjg1NjQ0NTUwODM3MTAKBggqhkjOPQQDAgNJADBGAiEAzjeGnYOTMDsjt8CG
C0WR3keS+akJXoVU3C3loC5C+EYCIQCKyasKChz90vngoty+zvSXRP3ql4CQXnjl
ku5r3FO5iw==
-----END CERTIFICATE REQUEST-----

I1231 12:22:22.202931    1557 grpc_attestor.go:579]         cert Issuer CN=Single Root TLS Issuer CA,OU=Enterprise,O=Google,C=US
I1231 12:22:22.202984    1557 grpc_attestor.go:582]         Issued Certificate ========
-----BEGIN CERTIFICATE-----
MIIDoTCCAomgAwIBAgIRAIh6GgzZaUoFKKeRjd3vBjIwDQYJKoZIhvcNAQELBQAw
VzELMAkGA1UEBhMCVVMxDzANBgNVBAoMBkdvb2dsZTETMBEGA1UECwwKRW50ZXJw
cmlzZTEiMCAGA1UEAwwZU2luZ2xlIFJvb3QgVExTIElzc3VlciBDQTAeFw0yNDEy
MzExMjIyMjJaFw0yNTAxMDExMjIyMjJaMIGYMQswCQYDVQQGEwJVUzETMBEGA1UE
CBMKQ2FsaWZvcm5pYTEWMBQGA1UEBxMNTW91bnRhaW4gVmlldzEQMA4GA1UEChMH
QWNtZSBDbzETMBEGA1UECxMKRW50ZXJwcmlzZTE1MDMGA1UEAxMsOTU5NTAxNDk5
NjExMzIyOTQxMzA0MjM5MDk1NDcyMDY4NTY0NDU1MDgzNzEwWTATBgcqhkjOPQIB
BggqhkjOPQMBBwNCAAQKmyiWUlAK7JaGsW/Y/7v0NqCKnTVGrWg9VXEUpyq8ddjg
vj6Sjs9MlsTk9f+MNaz8urUgedlO3fILAsDyrtTIo4HwMIHtMA4GA1UdDwEB/wQE
AwIHgDATBgNVHSUEDDAKBggrBgEFBQcDATAMBgNVHRMBAf8EAjAAMB8GA1UdIwQY
MBaAFFvNqqX3tWUmhXSCDYErmkEPNvrwMHgGA1UdEQRxMG+CD2VjaG8uZG9tYWlu
LmNvbYZcc3BpZmZpZTovL2VjaG8uZG9tYWluLmNvbS90Y2ctYXQtcGxhdGZvcm1T
ZXJpYWwvOTU5NTAxNDk5NjExMzIyOTQxMzA0MjM5MDk1NDcyMDY4NTY0NDU1MDgz
NzEwHQYDVR0gBBYwFDAIBgZngQULAQEwCAYGZ4EFCwECMA0GCSqGSIb3DQEBCwUA
A4IBAQAdD3wYHUH8l7fVHPhTFtpUKlKRXuC6fljqyBWcFN1g7rcxbTq5fXNWs3o/
1G8t0QAx8pV/4lhNOe1tR16Jex69D3VFRrz5MCxCwZ9EOKuc50oQzNmW+N92tgdO
07QC4/kZr/HlqxQ8aMbIOv6IlQm0gRqoHOEMpUgNnZgj7bv+u+KccCbCDAZoY1JK
NhBR5yU1l5f7d6vRCM2ljMZTxhHGjqZjPyxf10oRbWQDIzSPs2quq94XrY9xCQDb
zcGu+zjF2RfeuD35VOQq7njnYLfRDkZwo9lUzgtY24UehzbbI+iqxfxnOKXbLT64
mF9UlRqtMIMU9ldpe/LSKxiN1N4v
-----END CERTIFICATE-----

I1231 12:22:22.203038    1557 grpc_attestor.go:596]         Issued certificate tied to PubicKey ========
-----BEGIN PUBLIC KEY-----
MFkwEwYHKoZIzj0CAQYIKoZIzj0DAQcDQgAECpsollJQCuyWhrFv2P+79Dagip01
Rq1oPVVxFKcqvHXY4L4+ko7PTJbE5PX/jDWs/Lq1IHnZTt3yCwLA8q7UyA==
-----END PUBLIC KEY-----

I1231 12:22:22.203215    1557 grpc_attestor.go:620] Starting HTTP Server on port :8081
I1231 12:22:22.203689    1557 grpc_attestor.go:660] Starting gRPC server on port :50051



I1231 12:22:29.780257    1557 grpc_attestor.go:171] ======= GetEK ========
I1231 12:22:29.819657    1557 grpc_attestor.go:183] ======= GetAK ========
I1231 12:22:29.918488    1557 grpc_attestor.go:206] ======= Attest ========
I1231 12:22:30.282568    1557 grpc_attestor.go:240] ======= Quote ========
I1231 12:22:30.666601    1557 grpc_attestor.go:277] ======= GetTLSKey ========
I1231 12:22:30.843615    1557 grpc_attestor.go:158] EKM my_nonce: 8b0f2c2bfdd42bd70123ddb85dd891eeabef0e44beaae357c9f59d91195ff1cf
I1231 12:22:30.843665    1557 grpc_attestor.go:301] Inbound HTTP request from: 100.15.177.200